<?xml version="1.0" encoding="UTF-8"?>
<testsuite xmlns:xsi="http://www.w3.org/2001/XMLSchema-instance" xsi:noNamespaceSchemaLocation="https://maven.apache.org/surefire/maven-surefire-plugin/xsd/surefire-test-report.xsd" version="3.0.2" name="com.stefan.essaygraderai.SmartEssayGraderApplicationTests" time="3.115" tests="1" errors="0" skipped="0" failures="0">
  <properties>
[...]
</properties>
  <testcase name="contextLoads" classname="com.stefan.essaygraderai.SmartEssayGraderApplicationTests" time="0.292">
    <system-out><![CDATA[23:02:30.567 [main] INFO org.springframework.test.context.support.AnnotationConfigContextLoaderUtils -- Could not detect default configuration classes for test class [com.stefan.essaygraderai.SmartEssayGraderApplicationTests]: SmartEssayGraderApplicationTests does not declare any static, non-private, non-final, nested classes annotated with @Configuration.
23:02:30.649 [main] INFO org.springframework.boot.test.context.SpringBootTestContextBootstrapper -- Found @SpringBootConfiguration com.stefan.essaygraderai.SmartEssayGraderApplication for test class com.stefan.essaygraderai.SmartEssayGraderApplicationTests
23:02:30.781 [main] INFO org.springframework.boot.devtools.restart.RestartApplicationListener -- Restart disabled due to context in which it is running

  .   ____          _            __ _ _
 /\\ / ___'_ __ _ _(_)_ __  __ _ \ \ \ \
( ( )\___ | '_ | '_| | '_ \/ _` | \ \ \ \
 \\/  ___)| |_)| | | | | || (_| |  ) ) ) )
  '  |____| .__|_| |_|_| |_\__, | / / / /
 =========|_|==============|___/=/_/_/_/

 :: Spring Boot ::                (v4.0.3)

2026-03-19T23:02:30.995+01:00  INFO 16326 --- [SmartEssayGrader] [           main] c.s.e.SmartEssayGraderApplicationTests   : Starting SmartEssayGraderApplicationTests using Java 21.0.10 with PID 16326 (started by stefan in /home/stefan/projects/SmartEssayGrader)
2026-03-19T23:02:30.996+01:00  INFO 16326 --- [SmartEssayGrader] [           main] c.s.e.SmartEssayGraderApplicationTests   : No active profile set, falling back to 1 default profile: "default"
2026-03-19T23:02:31.415+01:00  INFO 16326 --- [SmartEssayGrader] [           main] .s.d.r.c.RepositoryConfigurationDelegate : Bootstrapping Spring Data JPA repositories in DEFAULT mode.
2026-03-19T23:02:31.436+01:00  INFO 16326 --- [SmartEssayGrader] [           main] .s.d.r.c.RepositoryConfigurationDelegate : Finished Spring Data repository scanning in 16 ms. Found 0 JPA repository interfaces.
2026-03-19T23:02:31.668+01:00  INFO 16326 --- [SmartEssayGrader] [           main] com.zaxxer.hikari.HikariDataSource       : HikariPool-1 - Starting...
2026-03-19T23:02:31.798+01:00  INFO 16326 --- [SmartEssayGrader] [           main] com.zaxxer.hikari.pool.HikariPool        : HikariPool-1 - Added connection org.postgresql.jdbc.PgConnection@20bb85b4
2026-03-19T23:02:31.800+01:00  INFO 16326 --- [SmartEssayGrader] [           main] com.zaxxer.hikari.HikariDataSource       : HikariPool-1 - Start completed.
2026-03-19T23:02:31.823+01:00  INFO 16326 --- [SmartEssayGrader] [           main] org.hibernate.orm.jpa                    : HHH008540: Processing PersistenceUnitInfo [name: default]
2026-03-19T23:02:31.861+01:00  INFO 16326 --- [SmartEssayGrader] [           main] org.hibernate.orm.core                   : HHH000001: Hibernate ORM core version 7.2.4.Final
2026-03-19T23:02:32.171+01:00  INFO 16326 --- [SmartEssayGrader] [           main] o.s.o.j.p.SpringPersistenceUnitInfo      : No LoadTimeWeaver setup: ignoring JPA class transformer
2026-03-19T23:02:32.228+01:00  INFO 16326 --- [SmartEssayGrader] [           main] org.hibernate.orm.connections.pooling    : HHH10001005: Database info:
	Database JDBC URL [jdbc:postgresql://localhost:5432/SmartEssayGrader]
	Database driver: PostgreSQL JDBC Driver
	Database dialect: PostgreSQLDialect
	Database version: 17.9
	Default catalog/schema: SmartEssayGrader/public
	Autocommit mode: undefined/unknown
	Isolation level: READ_COMMITTED [default READ_COMMITTED]
	JDBC fetch size: none
	Pool: DataSourceConnectionProvider
	Minimum pool size: undefined/unknown
	Maximum pool size: undefined/unknown
2026-03-19T23:02:32.844+01:00  INFO 16326 --- [SmartEssayGrader] [           main] org.hibernate.orm.core                   : HHH000489: No JTA platform available (set 'hibernate.transaction.jta.platform' to enable JTA platform integration)
2026-03-19T23:02:32.850+01:00  INFO 16326 --- [SmartEssayGrader] [           main] j.LocalContainerEntityManagerFactoryBean : Initialized JPA EntityManagerFactory for persistence unit 'default'
2026-03-19T23:02:32.914+01:00  WARN 16326 --- [SmartEssayGrader] [           main] JpaBaseConfiguration$JpaWebConfiguration : spring.jpa.open-in-view is enabled by default. Therefore, database queries may be performed during view rendering. Explicitly configure spring.jpa.open-in-view to disable this warning
2026-03-19T23:02:33.245+01:00  INFO 16326 --- [SmartEssayGrader] [           main] c.s.e.SmartEssayGraderApplicationTests   : Started SmartEssayGraderApplicationTests in 2.474 seconds (process running for 3.27)
]]></system-out>
    <system-err><![CDATA[Mockito is currently self-attaching to enable the inline-mock-maker. This will no longer work in future releases of the JDK. Please add Mockito as an agent to your build as described in Mockito's documentation: https://javadoc.io/doc/org.mockito/mockito-core/latest/org.mockito/org/mockito/Mockito.html#0.3
WARNING: A Java agent has been loaded dynamically (/home/stefan/.m2/repository/net/bytebuddy/byte-buddy-agent/1.17.8/byte-buddy-agent-1.17.8.jar)
WARNING: If a serviceability tool is in use, please run with -XX:+EnableDynamicAgentLoading to hide this warning
WARNING: If a serviceability tool is not in use, please run with -Djdk.instrument.traceUsage for more information
WARNING: Dynamic loading of agents will be disallowed by default in a future release
]]></system-err>
  </testcase>
</testsuite>