<?xml version="1.0" encoding="UTF-8"?>
<testsuite xmlns:xsi="http://www.w3.org/2001/XMLSchema-instance" xsi:noNamespaceSchemaLocation="https://maven.apache.org/surefire/maven-surefire-plugin/xsd/surefire-test-report.xsd" version="3.0.2" name="com.stefan.essaygraderai.SmartEssayGraderApplicationTests" time="4.375" tests="1" errors="0" skipped="0" failures="0">
  <properties>
[...]
</properties>
  <testcase name="contextLoads" classname="com.stefan.essaygraderai.SmartEssayGraderApplicationTests" time="0.3">
    <system-out><![CDATA[23:25:03.317 [main] INFO org.springframework.test.context.support.AnnotationConfigContextLoaderUtils -- Could not detect default configuration classes for test class [com.stefan.essaygraderai.SmartEssayGraderApplicationTests]: SmartEssayGraderApplicationTests does not declare any static, non-private, non-final, nested classes annotated with @Configuration.
23:25:03.394 [main] INFO org.springframework.boot.test.context.SpringBootTestContextBootstrapper -- Found @SpringBootConfiguration com.stefan.essaygraderai.SmartEssayGraderApplication for test class com.stefan.essaygraderai.SmartEssayGraderApplicationTests

  .   ____          _            __ _ _
 /\\ / ___'_ __ _ _(_)_ __  __ _ \ \ \ \
( ( )\___ | '_ | '_| | '_ \/ _` | \ \ \ \
 \\/  ___)| |_)| | | | | || (_| |  ) ) ) )
  '  |____| .__|_| |_|_| |_\__, | / / / /
 =========|_|==============|___/=/_/_/_/

 :: Spring Boot ::                (v4.0.3)

2026-05-20T23:25:03.688+02:00  INFO 20787 --- [SmartEssayGrader] [           main] c.s.e.SmartEssayGraderApplicationTests   : Starting SmartEssayGraderApplicationTests using Java 21.0.10 with PID 20787 (started by stefan in /home/stefan/projects/SmartEssayGrader)
2026-05-20T23:25:03.689+02:00  INFO 20787 --- [SmartEssayGrader] [           main] c.s.e.SmartEssayGraderApplicationTests   : The following 1 profile is active: "test"
2026-05-20T23:25:04.188+02:00  INFO 20787 --- [SmartEssayGrader] [           main] .s.d.r.c.RepositoryConfigurationDelegate : Multiple Spring Data modules found, entering strict repository configuration mode
2026-05-20T23:25:04.189+02:00  INFO 20787 --- [SmartEssayGrader] [           main] .s.d.r.c.RepositoryConfigurationDelegate : Bootstrapping Spring Data JPA repositories in DEFAULT mode.
2026-05-20T23:25:04.280+02:00  INFO 20787 --- [SmartEssayGrader] [           main] .s.d.r.c.RepositoryConfigurationDelegate : Finished Spring Data repository scanning in 85 ms. Found 3 JPA repository interfaces.
2026-05-20T23:25:04.311+02:00  INFO 20787 --- [SmartEssayGrader] [           main] .s.d.r.c.RepositoryConfigurationDelegate : Multiple Spring Data modules found, entering strict repository configuration mode
2026-05-20T23:25:04.312+02:00  INFO 20787 --- [SmartEssayGrader] [           main] .s.d.r.c.RepositoryConfigurationDelegate : Bootstrapping Spring Data Redis repositories in DEFAULT mode.
2026-05-20T23:25:04.324+02:00  INFO 20787 --- [SmartEssayGrader] [           main] .RepositoryConfigurationExtensionSupport : Spring Data Redis - Could not safely identify store assignment for repository candidate interface com.stefan.essaygraderai.repository.EssayRepository; If you want this repository to be a Redis repository, consider annotating your entities with one of these annotations: org.springframework.data.redis.core.RedisHash (preferred), or consider extending one of the following types with your repository: org.springframework.data.keyvalue.repository.KeyValueRepository
2026-05-20T23:25:04.325+02:00  INFO 20787 --- [SmartEssayGrader] [           main] .RepositoryConfigurationExtensionSupport : Spring Data Redis - Could not safely identify store assignment for repository candidate interface com.stefan.essaygraderai.repository.GradeRepository; If you want this repository to be a Redis repository, consider annotating your entities with one of these annotations: org.springframework.data.redis.core.RedisHash (preferred), or consider extending one of the following types with your repository: org.springframework.data.keyvalue.repository.KeyValueRepository
2026-05-20T23:25:04.326+02:00  INFO 20787 --- [SmartEssayGrader] [           main] .RepositoryConfigurationExtensionSupport : Spring Data Redis - Could not safely identify store assignment for repository candidate interface com.stefan.essaygraderai.repository.UserRepository; If you want this repository to be a Redis repository, consider annotating your entities with one of these annotations: org.springframework.data.redis.core.RedisHash (preferred), or consider extending one of the following types with your repository: org.springframework.data.keyvalue.repository.KeyValueRepository
2026-05-20T23:25:04.326+02:00  INFO 20787 --- [SmartEssayGrader] [           main] .s.d.r.c.RepositoryConfigurationDelegate : Finished Spring Data repository scanning in 7 ms. Found 0 Redis repository interfaces.
2026-05-20T23:25:04.736+02:00  INFO 20787 --- [SmartEssayGrader] [           main] org.hibernate.orm.jpa                    : HHH008540: Processing PersistenceUnitInfo [name: default]
2026-05-20T23:25:04.771+02:00  INFO 20787 --- [SmartEssayGrader] [           main] org.hibernate.orm.core                   : HHH000001: Hibernate ORM core version 7.2.4.Final
2026-05-20T23:25:05.032+02:00  INFO 20787 --- [SmartEssayGrader] [           main] o.s.o.j.p.SpringPersistenceUnitInfo      : No LoadTimeWeaver setup: ignoring JPA class transformer
2026-05-20T23:25:05.050+02:00  INFO 20787 --- [SmartEssayGrader] [           main] com.zaxxer.hikari.HikariDataSource       : HikariPool-1 - Starting...
2026-05-20T23:25:05.142+02:00  INFO 20787 --- [SmartEssayGrader] [           main] com.zaxxer.hikari.pool.HikariPool        : HikariPool-1 - Added connection conn0: url=jdbc:h2:mem:testdb user=SA
2026-05-20T23:25:05.144+02:00  INFO 20787 --- [SmartEssayGrader] [           main] com.zaxxer.hikari.HikariDataSource       : HikariPool-1 - Start completed.
2026-05-20T23:25:05.177+02:00  INFO 20787 --- [SmartEssayGrader] [           main] org.hibernate.orm.connections.pooling    : HHH10001005: Database info:
	Database JDBC URL [jdbc:h2:mem:testdb]
	Database driver: H2 JDBC Driver
	Database dialect: H2Dialect
	Database version: 2.4.240
	Default catalog/schema: TESTDB/PUBLIC
	Autocommit mode: undefined/unknown
	Isolation level: READ_COMMITTED [default READ_COMMITTED]
	JDBC fetch size: 100
	Pool: DataSourceConnectionProvider
	Minimum pool size: undefined/unknown
	Maximum pool size: undefined/unknown
2026-05-20T23:25:05.840+02:00  INFO 20787 --- [SmartEssayGrader] [           main] org.hibernate.orm.core                   : HHH000489: No JTA platform available (set 'hibernate.transaction.jta.platform' to enable JTA platform integration)
Hibernate: 
    drop table if exists essay cascade 
Hibernate: 
    drop table if exists grade cascade 
Hibernate: 
    drop table if exists users cascade 
Hibernate: 
    create table essay (
        id bigint generated by default as identity,
        submitted_at timestamp(6),
        user_id bigint,
        text TEXT,
        title varchar(255),
        essay_status enum ('FAILED','GRADED','GRADING','SUBMITTED') not null,
        primary key (id)
    )
Hibernate: 
    create table grade (
        score float(53),
        essay_id bigint unique,
        graded_at timestamp(6),
        id bigint generated by default as identity,
        feedback TEXT,
        primary key (id)
    )
Hibernate: 
    create table users (
        created_at timestamp(6),
        id bigint generated by default as identity,
        updated_at timestamp(6),
        email varchar(255) not null,
        first_name varchar(255),
        last_name varchar(255),
        password varchar(255),
        role enum ('ADMIN','STUDENT','TEACHER') not null,
        primary key (id)
    )
Hibernate: 
    alter table if exists essay 
       add constraint FKiu0fap925fb39joanfg19dccv 
       foreign key (user_id) 
       references users
Hibernate: 
    alter table if exists grade 
       add constraint FKiii0s6yxi8go4iouoeeakmh59 
       foreign key (essay_id) 
       references essay
2026-05-20T23:25:05.880+02:00  INFO 20787 --- [SmartEssayGrader] [           main] j.LocalContainerEntityManagerFactoryBean : Initialized JPA EntityManagerFactory for persistence unit 'default'
2026-05-20T23:25:05.946+02:00  INFO 20787 --- [SmartEssayGrader] [           main] o.s.d.j.r.query.QueryEnhancerFactories   : Hibernate is in classpath; If applicable, HQL parser will be used.
2026-05-20T23:25:06.084+02:00  INFO 20787 --- [SmartEssayGrader] [           main] r$InitializeUserDetailsManagerConfigurer : Global AuthenticationManager configured with UserDetailsService bean with name customUserDetailsService
2026-05-20T23:25:06.496+02:00  WARN 20787 --- [SmartEssayGrader] [           main] JpaBaseConfiguration$JpaWebConfiguration : spring.jpa.open-in-view is enabled by default. Therefore, database queries may be performed during view rendering. Explicitly configure spring.jpa.open-in-view to disable this warning
2026-05-20T23:25:07.049+02:00  INFO 20787 --- [SmartEssayGrader] [           main] o.a.kafka.common.config.AbstractConfig   : ConsumerConfig values: 
	allow.auto.create.topics = true
	auto.commit.interval.ms = 5000
	auto.offset.reset = latest
	bootstrap.servers = [localhost:9092]
	check.crcs = true
	client.dns.lookup = use_all_dns_ips
	client.id = consumer-essay-grading-group-1
	client.rack = 
	connections.max.idle.ms = 540000
	default.api.timeout.ms = 60000
	enable.auto.commit = false
	enable.metrics.push = true
	exclude.internal.topics = true
	fetch.max.bytes = 52428800
	fetch.max.wait.ms = 500
	fetch.min.bytes = 1
	group.id = essay-grading-group
	group.instance.id = null
	group.protocol = classic
	group.remote.assignor = null
	heartbeat.interval.ms = 3000
	interceptor.classes = []
	internal.leave.group.on.close = true
	internal.throw.on.fetch.stable.offset.unsupported = false
	isolation.level = read_uncommitted
	key.deserializer = class org.apache.kafka.common.serialization.StringDeserializer
	max.partition.fetch.bytes = 1048576
	max.poll.interval.ms = 300000
	max.poll.records = 500
	metadata.max.age.ms = 300000
	metadata.recovery.rebootstrap.trigger.ms = 300000
	metadata.recovery.strategy = rebootstrap
	metric.reporters = [org.apache.kafka.common.metrics.JmxReporter]
	metrics.num.samples = 2
	metrics.recording.level = INFO
	metrics.sample.window.ms = 30000
	partition.assignment.strategy = [class org.apache.kafka.clients.consumer.RangeAssignor, class org.apache.kafka.clients.consumer.CooperativeStickyAssignor]
	receive.buffer.bytes = 65536
	reconnect.backoff.max.ms = 1000
	reconnect.backoff.ms = 50
	request.timeout.ms = 30000
	retry.backoff.max.ms = 1000
	retry.backoff.ms = 100
	sasl.client.callback.handler.class = null
	sasl.jaas.config = null
	sasl.kerberos.kinit.cmd = /usr/bin/kinit
	sasl.kerberos.min.time.before.relogin = 60000
	sasl.kerberos.service.name = null
	sasl.kerberos.ticket.renew.jitter = 0.05
	sasl.kerberos.ticket.renew.window.factor = 0.8
	sasl.login.callback.handler.class = null
	sasl.login.class = null
	sasl.login.connect.timeout.ms = null
	sasl.login.read.timeout.ms = null
	sasl.login.refresh.buffer.seconds = 300
	sasl.login.refresh.min.period.seconds = 60
	sasl.login.refresh.window.factor = 0.8
	sasl.login.refresh.window.jitter = 0.05
	sasl.login.retry.backoff.max.ms = 10000
	sasl.login.retry.backoff.ms = 100
	sasl.mechanism = GSSAPI
	sasl.oauthbearer.assertion.algorithm = RS256
	sasl.oauthbearer.assertion.claim.aud = null
	sasl.oauthbearer.assertion.claim.exp.seconds = 300
	sasl.oauthbearer.assertion.claim.iss = null
	sasl.oauthbearer.assertion.claim.jti.include = false
	sasl.oauthbearer.assertion.claim.nbf.seconds = 60
	sasl.oauthbearer.assertion.claim.sub = null
	sasl.oauthbearer.assertion.file = null
	sasl.oauthbearer.assertion.private.key.file = null
	sasl.oauthbearer.assertion.private.key.passphrase = null
	sasl.oauthbearer.assertion.template.file = null
	sasl.oauthbearer.client.credentials.client.id = null
	sasl.oauthbearer.client.credentials.client.secret = null
	sasl.oauthbearer.clock.skew.seconds = 30
	sasl.oauthbearer.expected.audience = null
	sasl.oauthbearer.expected.issuer = null
	sasl.oauthbearer.header.urlencode = false
	sasl.oauthbearer.jwks.endpoint.refresh.ms = 3600000
	sasl.oauthbearer.jwks.endpoint.retry.backoff.max.ms = 10000
	sasl.oauthbearer.jwks.endpoint.retry.backoff.ms = 100
	sasl.oauthbearer.jwks.endpoint.url = null
	sasl.oauthbearer.jwt.retriever.class = class org.apache.kafka.common.security.oauthbearer.DefaultJwtRetriever
	sasl.oauthbearer.jwt.validator.class = class org.apache.kafka.common.security.oauthbearer.DefaultJwtValidator
	sasl.oauthbearer.scope = null
	sasl.oauthbearer.scope.claim.name = scope
	sasl.oauthbearer.sub.claim.name = sub
	sasl.oauthbearer.token.endpoint.url = null
	security.protocol = PLAINTEXT
	security.providers = null
	send.buffer.bytes = 131072
	session.timeout.ms = 45000
	share.acknowledgement.mode = implicit
	socket.connection.setup.timeout.max.ms = 30000
	socket.connection.setup.timeout.ms = 10000
	ssl.cipher.suites = null
	ssl.enabled.protocols = [TLSv1.2, TLSv1.3]
	ssl.endpoint.identification.algorithm = https
	ssl.engine.factory.class = null
	ssl.key.password = null
	ssl.keymanager.algorithm = SunX509
	ssl.keystore.certificate.chain = null
	ssl.keystore.key = null
	ssl.keystore.location = null
	ssl.keystore.password = null
	ssl.keystore.type = JKS
	ssl.protocol = TLSv1.3
	ssl.provider = null
	ssl.secure.random.implementation = null
	ssl.trustmanager.algorithm = PKIX
	ssl.truststore.certificates = null
	ssl.truststore.location = null
	ssl.truststore.password = null
	ssl.truststore.type = JKS
	value.deserializer = class org.springframework.kafka.support.serializer.JsonDeserializer

2026-05-20T23:25:07.082+02:00  INFO 20787 --- [SmartEssayGrader] [           main] o.a.k.c.t.i.KafkaMetricsCollector        : initializing Kafka metrics collector
2026-05-20T23:25:07.228+02:00  INFO 20787 --- [SmartEssayGrader] [           main] o.a.kafka.common.utils.AppInfoParser     : Kafka version: 4.1.1
2026-05-20T23:25:07.229+02:00  INFO 20787 --- [SmartEssayGrader] [           main] o.a.kafka.common.utils.AppInfoParser     : Kafka commitId: be816b82d25370ce
2026-05-20T23:25:07.229+02:00  INFO 20787 --- [SmartEssayGrader] [           main] o.a.kafka.common.utils.AppInfoParser     : Kafka startTimeMs: 1779312307227
2026-05-20T23:25:07.231+02:00  INFO 20787 --- [SmartEssayGrader] [           main] o.a.k.c.c.i.ClassicKafkaConsumer         : [Consumer clientId=consumer-essay-grading-group-1, groupId=essay-grading-group] Subscribed to topic(s): essay-grading
2026-05-20T23:25:07.240+02:00  INFO 20787 --- [SmartEssayGrader] [           main] c.s.e.SmartEssayGraderApplicationTests   : Started SmartEssayGraderApplicationTests in 3.757 seconds (process running for 4.564)
2026-05-20T23:25:07.476+02:00  INFO 20787 --- [SmartEssayGrader] [ntainer#0-0-C-1] org.apache.kafka.clients.Metadata        : [Consumer clientId=consumer-essay-grading-group-1, groupId=essay-grading-group] Cluster ID: 5L6g3nShT-eMCtK--X86sw
2026-05-20T23:25:07.479+02:00  INFO 20787 --- [SmartEssayGrader] [ntainer#0-0-C-1] o.a.k.c.c.internals.ConsumerCoordinator  : [Consumer clientId=consumer-essay-grading-group-1, groupId=essay-grading-group] Discovered group coordinator localhost:9092 (id: 2147483646 rack: null isFenced: false)
2026-05-20T23:25:07.481+02:00  INFO 20787 --- [SmartEssayGrader] [ntainer#0-0-C-1] o.a.k.c.c.internals.ConsumerCoordinator  : [Consumer clientId=consumer-essay-grading-group-1, groupId=essay-grading-group] (Re-)joining group
2026-05-20T23:25:07.491+02:00  INFO 20787 --- [SmartEssayGrader] [ntainer#0-0-C-1] o.a.k.c.c.internals.ConsumerCoordinator  : [Consumer clientId=consumer-essay-grading-group-1, groupId=essay-grading-group] Request joining group due to: need to re-join with the given member-id: consumer-essay-grading-group-1-9bf2574e-2c8e-4fe3-bc9a-a1245359ab83
2026-05-20T23:25:07.492+02:00  INFO 20787 --- [SmartEssayGrader] [ntainer#0-0-C-1] o.a.k.c.c.internals.ConsumerCoordinator  : [Consumer clientId=consumer-essay-grading-group-1, groupId=essay-grading-group] (Re-)joining group
]]></system-out>
    <system-err><![CDATA[Mockito is currently self-attaching to enable the inline-mock-maker. This will no longer work in future releases of the JDK. Please add Mockito as an agent to your build as described in Mockito's documentation: https://javadoc.io/doc/org.mockito/mockito-core/latest/org.mockito/org/mockito/Mockito.html#0.3
WARNING: A Java agent has been loaded dynamically (/home/stefan/.m2/repository/net/bytebuddy/byte-buddy-agent/1.17.8/byte-buddy-agent-1.17.8.jar)
WARNING: If a serviceability tool is in use, please run with -XX:+EnableDynamicAgentLoading to hide this warning
WARNING: If a serviceability tool is not in use, please run with -Djdk.instrument.traceUsage for more information
WARNING: Dynamic loading of agents will be disallowed by default in a future release
]]></system-err>
  </testcase>
</testsuite>